This file contains any messages produced by compilers while
running configure, to aid debugging if configure makes a mistake.

It was created by configure, which was
generated by GNU Autoconf 2.63.  Invocation command line was

  $ ./configure --with-php-config=/usr/local/phpdev/bin/php-config --enable-jmodule

## --------- ##
## Platform. ##
## --------- ##

hostname = localhost.localdomain
uname -m = i686
uname -r = 2.6.32-71.29.1.el6.i686
uname -s = Linux
uname -v = #1 SMP Mon Jun 27 18:07:00 BST 2011

/usr/bin/uname -p = unknown
/bin/uname -X     = unknown

/bin/arch              = i686
/usr/bin/arch -k       = unknown
/usr/convex/getsysinfo = unknown
/usr/bin/hostinfo      = unknown
/bin/machine           = unknown
/usr/bin/oslevel       = unknown
/bin/universe          = unknown

PATH: /usr/lib/qt-3.3/bin
PATH: /usr/local/qt/bin
PATH: /usr/local/bin
PATH: /usr/bin
PATH: /bin
PATH: /usr/local/sbin
PATH: /usr/sbin
PATH: /sbin
PATH: /usr/local/bin
PATH: /usr/local/php/bin
PATH: /opt/real/RealPlayer
PATH: /home/james/bin
PATH: /home/james/drush
PATH: /opt/real/RealPlayer


## ----------- ##
## Core tests. ##
## ----------- ##

configure:1980: checking for grep that handles long lines and -e
configure:2040: result: /bin/grep
configure:2045: checking for egrep
configure:2109: result: /bin/grep -E
configure:2114: checking for a sed that does not truncate output
configure:2168: result: /bin/sed
configure:2300: checking for cc
configure:2316: found /usr/bin/cc
configure:2327: result: cc
configure:2361: checking for C compiler version
configure:2369: cc --version >&5
cc (GCC) 4.4.4 20100726 (Red Hat 4.4.4-13)
Copyright (C) 2010 Free Software Foundation, Inc.
This is free software; see the source for copying conditions.  There is NO
warranty; not even for MERCHANTABILITY or FITNESS FOR A PARTICULAR PURPOSE.

configure:2373: $? = 0
configure:2380: cc -v >&5
Using built-in specs.
Target: i686-redhat-linux
Configured with: ../configure --prefix=/usr --mandir=/usr/share/man --infodir=/usr/share/info --with-bugurl=http://bugzilla.redhat.com/bugzilla --enable-bootstrap --enable-shared --enable-threads=posix --enable-checking=release --with-system-zlib --enable-__cxa_atexit --disable-libunwind-exceptions --enable-gnu-unique-object --enable-languages=c,c++,objc,obj-c++,java,fortran,ada --enable-java-awt=gtk --disable-dssi --with-java-home=/usr/lib/jvm/java-1.5.0-gcj-1.5.0.0/jre --enable-libgcj-multifile --enable-java-maintainer-mode --with-ecj-jar=/usr/share/java/eclipse-ecj.jar --disable-libjava-multilib --with-ppl --with-cloog --with-tune=generic --with-arch=i686 --build=i686-redhat-linux
Thread model: posix
gcc version 4.4.4 20100726 (Red Hat 4.4.4-13) (GCC) 
configure:2384: $? = 0
configure:2391: cc -V >&5
cc: '-V' option must have argument
configure:2395: $? = 1
configure:2418: checking for C compiler default output file name
configure:2440: cc    conftest.c  >&5
configure:2444: $? = 0
configure:2482: result: a.out
configure:2501: checking whether the C compiler works
configure:2511: ./a.out
configure:2515: $? = 0
configure:2534: result: yes
configure:2541: checking whether we are cross compiling
configure:2543: result: no
configure:2546: checking for suffix of executables
configure:2553: cc -o conftest    conftest.c  >&5
configure:2557: $? = 0
configure:2583: result: 
configure:2589: checking for suffix of object files
configure:2615: cc -c   conftest.c >&5
configure:2619: $? = 0
configure:2644: result: o
configure:2648: checking whether we are using the GNU C compiler
configure:2677: cc -c   conftest.c >&5
configure:2684: $? = 0
configure:2701: result: yes
configure:2710: checking whether cc accepts -g
configure:2740: cc -c -g  conftest.c >&5
configure:2747: $? = 0
configure:2848: result: yes
configure:2865: checking for cc option to accept ISO C89
configure:2939: cc  -c -g -O2  conftest.c >&5
configure:2946: $? = 0
configure:2969: result: none needed
configure:2993: checking how to run the C preprocessor
configure:3033: cc -E  conftest.c
configure:3040: $? = 0
configure:3071: cc -E  conftest.c
conftest.c:8:28: error: ac_nonexistent.h: No such file or directory
configure:3078: $? = 1
configure: failed program was:
| /* confdefs.h.  */
| #define PACKAGE_NAME ""
| #define PACKAGE_TARNAME ""
| #define PACKAGE_VERSION ""
| #define PACKAGE_STRING ""
| #define PACKAGE_BUGREPORT ""
| /* end confdefs.h.  */
| #include <ac_nonexistent.h>
configure:3111: result: cc -E
configure:3140: cc -E  conftest.c
configure:3147: $? = 0
configure:3178: cc -E  conftest.c
conftest.c:8:28: error: ac_nonexistent.h: No such file or directory
configure:3185: $? = 1
configure: failed program was:
| /* confdefs.h.  */
| #define PACKAGE_NAME ""
| #define PACKAGE_TARNAME ""
| #define PACKAGE_VERSION ""
| #define PACKAGE_STRING ""
| #define PACKAGE_BUGREPORT ""
| /* end confdefs.h.  */
| #include <ac_nonexistent.h>
configure:3227: checking for icc
configure:3240: result: no
configure:3254: checking for suncc
configure:3267: result: no
configure:3285: checking whether cc understands -c and -o together
configure:3317: cc -c conftest.c -o conftest2.o >&5
configure:3321: $? = 0
configure:3327: cc -c conftest.c -o conftest2.o >&5
configure:3331: $? = 0
configure:3386: result: yes
configure:3402: checking for system library directory
configure:3417: result: lib
configure:3424: checking if compiler supports -R
configure:3453: cc -o conftest -g -O2   conftest.c -R /usr/lib  >&5
cc: unrecognized option '-R'
/usr/lib: file not recognized: Is a directory
collect2: ld returned 1 exit status
configure:3460: $? = 1
configure: failed program was:
| /* confdefs.h.  */
| #define PACKAGE_NAME ""
| #define PACKAGE_TARNAME ""
| #define PACKAGE_VERSION ""
| #define PACKAGE_STRING ""
| #define PACKAGE_BUGREPORT ""
| /* end confdefs.h.  */
| 
| int
| main ()
| {
| 
|   ;
|   return 0;
| }
configure:3482: result: no
configure:3487: checking if compiler supports -Wl,-rpath,
configure:3516: cc -o conftest -g -O2   conftest.c -Wl,-rpath,/usr/lib  >&5
configure:3523: $? = 0
configure:3545: result: yes
configure:3594: checking build system type
configure:3612: result: i686-pc-linux-gnu
configure:3634: checking host system type
configure:3649: result: i686-pc-linux-gnu
configure:3671: checking target system type
configure:3686: result: i686-pc-linux-gnu
configure:3795: checking for PHP prefix
configure:3797: result: /usr/local/phpdev
configure:3799: checking for PHP includes
configure:3801: result: -I/usr/local/phpdev/include/php -I/usr/local/phpdev/include/php/main -I/usr/local/phpdev/include/php/TSRM -I/usr/local/phpdev/include/php/Zend -I/usr/local/phpdev/include/php/ext -I/usr/local/phpdev/include/php/ext/date/lib
configure:3803: checking for PHP extension directory
configure:3805: result: /usr/local/phpdev/lib/php/extensions/debug-non-zts-20100525
configure:3807: checking for PHP installed headers prefix
configure:3809: result: /usr/local/phpdev/include/php
configure:3812: checking if debug is enabled
configure:3842: result: yes
configure:3845: checking if zts is enabled
configure:3875: result: yes
configure:3946: checking for re2c
configure:3976: result: no
configure:4001: WARNING: You will need re2c 0.13.4 or later if you want to regenerate PHP parsers.
configure:4015: checking for gawk
configure:4032: found /usr/bin/gawk
configure:4043: result: gawk
configure:4095: checking whether to enable jmodule support
configure:4134: result: yes, shared
configure:4534: checking for ld used by cc
configure:4601: result: /usr/bin/ld
configure:4610: checking if the linker (/usr/bin/ld) is GNU ld
configure:4625: result: yes
configure:4630: checking for /usr/bin/ld option to reload object files
configure:4637: result: -r
configure:4655: checking for BSD-compatible nm
configure:4704: result: /usr/bin/nm -B
configure:4708: checking whether ln -s works
configure:4712: result: yes
configure:4719: checking how to recognize dependent libraries
configure:4905: result: pass_all
configure:5146: checking for ANSI C header files
configure:5176: cc -c -g  -O0  conftest.c >&5
configure:5183: $? = 0
configure:5282: cc -o conftest -g  -O0   conftest.c  >&5
configure:5286: $? = 0
configure:5292: ./conftest
configure:5296: $? = 0
configure:5314: result: yes
configure:5338: checking for sys/types.h
configure:5359: cc -c -g  -O0  conftest.c >&5
configure:5366: $? = 0
configure:5383: result: yes
configure:5338: checking for sys/stat.h
configure:5359: cc -c -g  -O0  conftest.c >&5
configure:5366: $? = 0
configure:5383: result: yes
configure:5338: checking for stdlib.h
configure:5359: cc -c -g  -O0  conftest.c >&5
configure:5366: $? = 0
configure:5383: result: yes
configure:5338: checking for string.h
configure:5359: cc -c -g  -O0  conftest.c >&5
configure:5366: $? = 0
configure:5383: result: yes
configure:5338: checking for memory.h
configure:5359: cc -c -g  -O0  conftest.c >&5
configure:5366: $? = 0
configure:5383: result: yes
configure:5338: checking for strings.h
configure:5359: cc -c -g  -O0  conftest.c >&5
configure:5366: $? = 0
configure:5383: result: yes
configure:5338: checking for inttypes.h
configure:5359: cc -c -g  -O0  conftest.c >&5
configure:5366: $? = 0
configure:5383: result: yes
configure:5338: checking for stdint.h
configure:5359: cc -c -g  -O0  conftest.c >&5
configure:5366: $? = 0
configure:5383: result: yes
configure:5338: checking for unistd.h
configure:5359: cc -c -g  -O0  conftest.c >&5
configure:5366: $? = 0
configure:5383: result: yes
configure:5413: checking dlfcn.h usability
configure:5430: cc -c -g  -O0  conftest.c >&5
configure:5437: $? = 0
configure:5451: result: yes
configure:5455: checking dlfcn.h presence
configure:5470: cc -E  conftest.c
configure:5477: $? = 0
configure:5491: result: yes
configure:5519: checking for dlfcn.h
configure:5528: result: yes
configure:5555: checking the maximum length of command line arguments
configure:5667: result: 1966080
configure:5679: checking command to parse /usr/bin/nm -B output from cc object
configure:5784: cc -c -g  -O0  conftest.c >&5
configure:5787: $? = 0
configure:5791: /usr/bin/nm -B conftest.o \| sed -n -e 's/^.*[ 	]\([ABCDGIRSTW][ABCDGIRSTW]*\)[ 	][ 	]*\([_A-Za-z][_A-Za-z0-9]*\)$/\1 \2 \2/p' \> conftest.nm
configure:5794: $? = 0
configure:5846: cc -o conftest -g  -O0   conftest.c conftstm.o >&5
configure:5849: $? = 0
configure:5887: result: ok
configure:5891: checking for objdir
configure:5906: result: .libs
configure:5998: checking for ar
configure:6014: found /usr/bin/ar
configure:6025: result: ar
configure:6090: checking for ranlib
configure:6106: found /usr/bin/ranlib
configure:6117: result: ranlib
configure:6182: checking for strip
configure:6198: found /usr/bin/strip
configure:6209: result: strip
configure:6778: checking if cc supports -fno-rtti -fno-exceptions
configure:6796: cc -c -g  -O0  -fno-rtti -fno-exceptions conftest.c >&5
cc1: warning: command line option "-fno-rtti" is valid for C++/ObjC++ but not for C
configure:6800: $? = 0
configure:6813: result: no
configure:6828: checking for cc option to produce PIC
configure:7068: result: -fPIC
configure:7076: checking if cc PIC flag -fPIC works
configure:7094: cc -c -g  -O0  -fPIC -DPIC conftest.c >&5
configure:7098: $? = 0
configure:7111: result: yes
configure:7139: checking if cc static flag -static works
configure:7167: result: no
configure:7177: checking if cc supports -c -o file.o
configure:7198: cc -c -g  -O0  -o out/conftest2.o conftest.c >&5
configure:7202: $? = 0
configure:7224: result: yes
configure:7250: checking whether the cc linker (/usr/bin/ld) supports shared libraries
configure:8182: result: yes
configure:8203: checking whether -lc should be explicitly linked in
configure:8208: cc -c -g  -O0  conftest.c >&5
configure:8211: $? = 0
configure:8226: cc -shared conftest.o  -v -Wl,-soname -Wl,conftest -o conftest 2\>\&1 \| grep  -lc  \>/dev/null 2\>\&1
configure:8229: $? = 0
configure:8241: result: no
configure:8249: checking dynamic linker characteristics
configure:8851: result: GNU/Linux ld.so
configure:8875: checking how to hardcode library paths into programs
configure:8900: result: immediate
configure:8914: checking whether stripping libraries is possible
configure:8919: result: yes
configure:9749: checking if libtool supports shared libraries
configure:9751: result: yes
configure:9754: checking whether to build shared libraries
configure:9775: result: yes
configure:9778: checking whether to build static libraries
configure:9782: result: no
configure:9877: result:
creating libtool
configure:13578: creating ./config.status

## ---------------------- ##
## Running config.status. ##
## ---------------------- ##

This file was extended by config.status, which was
generated by GNU Autoconf 2.63.  Invocation command line was

  CONFIG_FILES    = 
  CONFIG_HEADERS  = 
  CONFIG_LINKS    = 
  CONFIG_COMMANDS = 
  $ ./config.status 

on localhost.localdomain

config.status:606: creating config.h
config.status:740: config.h is unchanged

## ---------------- ##
## Cache variables. ##
## ---------------- ##

ac_cv_build=i686-pc-linux-gnu
ac_cv_c_compiler_gnu=yes
ac_cv_env_CC_set=
ac_cv_env_CC_value=
ac_cv_env_CFLAGS_set=
ac_cv_env_CFLAGS_value=
ac_cv_env_CPPFLAGS_set=
ac_cv_env_CPPFLAGS_value=
ac_cv_env_CPP_set=
ac_cv_env_CPP_value=
ac_cv_env_LDFLAGS_set=
ac_cv_env_LDFLAGS_value=
ac_cv_env_LIBS_set=
ac_cv_env_LIBS_value=
ac_cv_env_build_alias_set=
ac_cv_env_build_alias_value=
ac_cv_env_host_alias_set=
ac_cv_env_host_alias_value=
ac_cv_env_target_alias_set=
ac_cv_env_target_alias_value=
ac_cv_header_dlfcn_h=yes
ac_cv_header_inttypes_h=yes
ac_cv_header_memory_h=yes
ac_cv_header_stdc=yes
ac_cv_header_stdint_h=yes
ac_cv_header_stdlib_h=yes
ac_cv_header_string_h=yes
ac_cv_header_strings_h=yes
ac_cv_header_sys_stat_h=yes
ac_cv_header_sys_types_h=yes
ac_cv_header_unistd_h=yes
ac_cv_host=i686-pc-linux-gnu
ac_cv_objext=o
ac_cv_path_EGREP='/bin/grep -E'
ac_cv_path_GREP=/bin/grep
ac_cv_prog_AWK=gawk
ac_cv_prog_CPP='cc -E'
ac_cv_prog_ac_ct_AR=ar
ac_cv_prog_ac_ct_CC=cc
ac_cv_prog_ac_ct_RANLIB=ranlib
ac_cv_prog_ac_ct_STRIP=strip
ac_cv_prog_cc_c89=
ac_cv_prog_cc_cc_c_o=yes
ac_cv_prog_cc_g=yes
ac_cv_target=i686-pc-linux-gnu
lt_cv_deplibs_check_method=pass_all
lt_cv_file_magic_cmd='$MAGIC_CMD'
lt_cv_file_magic_test_file=
lt_cv_ld_reload_flag=-r
lt_cv_objdir=.libs
lt_cv_path_LD=/usr/bin/ld
lt_cv_path_NM='/usr/bin/nm -B'
lt_cv_path_SED=/bin/sed
lt_cv_prog_compiler_c_o=yes
lt_cv_prog_compiler_pic_works=yes
lt_cv_prog_compiler_rtti_exceptions=no
lt_cv_prog_compiler_static_works=no
lt_cv_prog_gnu_ld=yes
lt_cv_sys_global_symbol_pipe='sed -n -e '\''s/^.*[ 	]\([ABCDGIRSTW][ABCDGIRSTW]*\)[ 	][ 	]*\([_A-Za-z][_A-Za-z0-9]*\)$/\1 \2 \2/p'\'''
lt_cv_sys_global_symbol_to_c_name_address='sed -n -e '\''s/^: \([^ ]*\) $/  {\"\1\", (lt_ptr) 0},/p'\'' -e '\''s/^[BCDEGRST] \([^ ]*\) \([^ ]*\)$/  {"\2", (lt_ptr) \&\2},/p'\'''
lt_cv_sys_global_symbol_to_cdecl='sed -n -e '\''s/^. .* \(.*\)$/extern int \1;/p'\'''
lt_cv_sys_lib_dlsearch_path_spec='/lib /usr/lib /usr/lib/ctapi /usr/lib/mysql /usr/lib/qt-3.3/lib /usr/lib/xulrunner-1.9.2 '
lt_cv_sys_lib_search_path_spec='/usr/lib/gcc/i686-redhat-linux/4.4.4 /usr/lib /lib'
lt_cv_sys_max_cmd_len=1966080
lt_lt_cv_prog_compiler_c_o='"yes"'
lt_lt_cv_sys_global_symbol_pipe='"sed -n -e '\''s/^.*[ 	]\\([ABCDGIRSTW][ABCDGIRSTW]*\\)[ 	][ 	]*\\([_A-Za-z][_A-Za-z0-9]*\\)\$/\\1 \\2 \\2/p'\''"'
lt_lt_cv_sys_global_symbol_to_c_name_address='"sed -n -e '\''s/^: \\([^ ]*\\) \$/  {\\\"\\1\\\", (lt_ptr) 0},/p'\'' -e '\''s/^[BCDEGRST] \\([^ ]*\\) \\([^ ]*\\)\$/  {\"\\2\", (lt_ptr) \\&\\2},/p'\''"'
lt_lt_cv_sys_global_symbol_to_cdecl='"sed -n -e '\''s/^. .* \\(.*\\)\$/extern int \\1;/p'\''"'
php_cv_cc_dashr=no
php_cv_cc_rpath=yes

## ----------------- ##
## Output variables. ##
## ----------------- ##

AR='ar'
AWK='gawk'
CC='cc'
CFLAGS='-g  -O0'
CONFIGURE_COMMAND=' '\''./configure'\''  '\''--with-php-config=/usr/local/phpdev/bin/php-config'\'' '\''--enable-jmodule'\'''
CONFIGURE_OPTIONS=' '\''--with-php-config=/usr/local/phpdev/bin/php-config'\'' '\''--enable-jmodule'\'''
CPP='cc -E'
CPPFLAGS=' -DHAVE_CONFIG_H'
DEFS='-DHAVE_CONFIG_H'
DSYMUTIL=''
ECHO='echo'
ECHO_C=''
ECHO_N='-n'
ECHO_T=''
EGREP='/bin/grep -E'
EXEEXT=''
GREP='/bin/grep'
LDFLAGS=''
LIBOBJS=''
LIBS=''
LIBTOOL='$(SHELL) $(top_builddir)/libtool'
LN_S='ln -s'
LTLIBOBJS=''
NMEDIT=''
OBJEXT='o'
PACKAGE_BUGREPORT=''
PACKAGE_NAME=''
PACKAGE_STRING=''
PACKAGE_TARNAME=''
PACKAGE_VERSION=''
PATH_SEPARATOR=':'
RANLIB='ranlib'
RE2C='exit 0;'
SED='/bin/sed'
SHELL='/bin/sh'
SHLIB_DL_SUFFIX_NAME='so'
SHLIB_SUFFIX_NAME='so'
STRIP='strip'
ac_ct_CC='cc'
bindir='${exec_prefix}/bin'
build='i686-pc-linux-gnu'
build_alias=''
build_cpu='i686'
build_os='linux-gnu'
build_vendor='pc'
datadir='${datarootdir}'
datarootdir='${prefix}/share'
docdir='${datarootdir}/doc/${PACKAGE}'
dvidir='${docdir}'
exec_prefix='$(prefix)'
host='i686-pc-linux-gnu'
host_alias='i686-pc-linux-gnu'
host_cpu='i686'
host_os='linux-gnu'
host_vendor='pc'
htmldir='${docdir}'
includedir='${prefix}/include'
infodir='${datarootdir}/info'
libdir='${exec_prefix}/lib'
libexecdir='${exec_prefix}/libexec'
localedir='${datarootdir}/locale'
localstatedir='${prefix}/var'
mandir='${datarootdir}/man'
oldincludedir='/usr/include'
pdfdir='${docdir}'
prefix='/usr/local/phpdev'
program_transform_name='s,x,x,'
psdir='${docdir}'
sbindir='${exec_prefix}/sbin'
sharedstatedir='${prefix}/com'
sysconfdir='${prefix}/etc'
target='i686-pc-linux-gnu'
target_alias=''
target_cpu='i686'
target_os='linux-gnu'
target_vendor='pc'

## ----------- ##
## confdefs.h. ##
## ----------- ##

#define PACKAGE_NAME ""
#define PACKAGE_TARNAME ""
#define PACKAGE_VERSION ""
#define PACKAGE_STRING ""
#define PACKAGE_BUGREPORT ""
#define COMPILE_DL_JMODULE 1
#define STDC_HEADERS 1
#define HAVE_SYS_TYPES_H 1
#define HAVE_SYS_STAT_H 1
#define HAVE_STDLIB_H 1
#define HAVE_STRING_H 1
#define HAVE_MEMORY_H 1
#define HAVE_STRINGS_H 1
#define HAVE_INTTYPES_H 1
#define HAVE_STDINT_H 1
#define HAVE_UNISTD_H 1
#define HAVE_DLFCN_H 1

configure: exit 0
